<?xml version="1.0" encoding="UTF-8"?>
<!-- Generated by org.testng.reporters.JUnitXMLReporter -->
<testsuite ignored="0" hostname="SVG" failures="0" tests="6" name="Default test" time="72.548" errors="0" timestamp="2023-02-23T09:06:06 IST">
  <testcase classname="testcase.Loginpage_Test" name="loginPageTitleTest" time="0.112"/>
  <testcase classname="testcase.Loginpage_Test" name="ImageTest" time="0.105"/>
  <testcase classname="testcase.Loginpage_Test" name="loginTest" time="1.159"/>
  <testcase classname="testcase.Loginpage_Test" name="MultipleUserLoginTest" time="1.687"/>
  <testcase classname="testcase.Loginpage_Test" name="MultipleUserLoginTest" time="0.946"/>
  <testcase classname="testcase.Loginpage_Test" name="MultipleUserLoginTest" time="1.002"/>
</testsuite> <!-- Default test -->
