<?xml version="1.0" encoding="UTF-8"?>
<testng-results ignored="0" total="6" passed="6" failed="0" skipped="0">
  <reporter-output>
  </reporter-output>
  <suite started-at="2023-02-23T09:04:54 IST" name="Default suite" finished-at="2023-02-23T09:06:06 IST" duration-ms="72548">
    <groups>
    </groups>
    <test started-at="2023-02-23T09:04:54 IST" name="Default test" finished-at="2023-02-23T09:06:06 IST" duration-ms="72548">
      <class name="testcase.Loginpage_Test">
        <test-method is-config="true" signature="setUp()[pri:0, instance:testcase.Loginpage_Test@451001e5]" started-at="2023-02-23T09:04:54 IST" name="setUp" finished-at="2023-02-23T09:05:02 IST" duration-ms="8441" status="PASS">
          <reporter-output>
          </reporter-output>
        </test-method> <!-- setUp -->
        <test-method signature="loginPageTitleTest()[pri:1, instance:testcase.Loginpage_Test@451001e5]" started-at="2023-02-23T09:05:02 IST" name="loginPageTitleTest" finished-at="2023-02-23T09:05:02 IST" duration-ms="112" status="PASS">
          <reporter-output>
          </reporter-output>
        </test-method> <!-- loginPageTitleTest -->
        <test-method is-config="true" signature="tearDown()[pri:0, instance:testcase.Loginpage_Test@451001e5]" started-at="2023-02-23T09:05:02 IST" name="tearDown" finished-at="2023-02-23T09:05:09 IST" duration-ms="6100" status="PASS">
          <reporter-output>
          </reporter-output>
        </test-method> <!-- tearDown -->
        <test-method is-config="true" signature="setUp()[pri:0, instance:testcase.Loginpage_Test@451001e5]" started-at="2023-02-23T09:05:09 IST" name="setUp" finished-at="2023-02-23T09:05:13 IST" duration-ms="4822" status="PASS">
          <reporter-output>
          </reporter-output>
        </test-method> <!-- setUp -->
        <test-method signature="ImageTest()[pri:2, instance:testcase.Loginpage_Test@451001e5]" started-at="2023-02-23T09:05:13 IST" name="ImageTest" finished-at="2023-02-23T09:05:14 IST" duration-ms="105" status="PASS">
          <reporter-output>
          </reporter-output>
        </test-method> <!-- ImageTest -->
        <test-method is-config="true" signature="tearDown()[pri:0, instance:testcase.Loginpage_Test@451001e5]" started-at="2023-02-23T09:05:14 IST" name="tearDown" finished-at="2023-02-23T09:05:19 IST" duration-ms="5936" status="PASS">
          <reporter-output>
          </reporter-output>
        </test-method> <!-- tearDown -->
        <test-method is-config="true" signature="setUp()[pri:0, instance:testcase.Loginpage_Test@451001e5]" started-at="2023-02-23T09:05:19 IST" name="setUp" finished-at="2023-02-23T09:05:24 IST" duration-ms="4106" status="PASS">
          <reporter-output>
          </reporter-output>
        </test-method> <!-- setUp -->
        <test-method signature="loginTest()[pri:3, instance:testcase.Loginpage_Test@451001e5]" started-at="2023-02-23T09:05:24 IST" name="loginTest" finished-at="2023-02-23T09:05:25 IST" duration-ms="1159" status="PASS">
          <reporter-output>
          </reporter-output>
        </test-method> <!-- loginTest -->
        <test-method is-config="true" signature="tearDown()[pri:0, instance:testcase.Loginpage_Test@451001e5]" started-at="2023-02-23T09:05:25 IST" name="tearDown" finished-at="2023-02-23T09:05:31 IST" duration-ms="5815" status="PASS">
          <reporter-output>
          </reporter-output>
        </test-method> <!-- tearDown -->
        <test-method is-config="true" signature="setUp()[pri:0, instance:testcase.Loginpage_Test@451001e5]" started-at="2023-02-23T09:05:33 IST" name="setUp" finished-at="2023-02-23T09:05:38 IST" duration-ms="5708" status="PASS">
          <reporter-output>
          </reporter-output>
        </test-method> <!-- setUp -->
        <test-method signature="MultipleUserLoginTest(java.lang.String,java.lang.String)[pri:4, instance:testcase.Loginpage_Test@451001e5]" started-at="2023-02-23T09:05:38 IST" name="MultipleUserLoginTest" data-provider="getLoginTestData" finished-at="2023-02-23T09:05:40 IST" duration-ms="1687" status="PASS">
          <params>
            <param index="0">
              <value>
                <![CDATA[Shubhamgole@gmail.com]]>
              </value>
            </param>
            <param index="1">
              <value>
                <![CDATA[Password@1234]]>
              </value>
            </param>
          </params>
          <reporter-output>
          </reporter-output>
        </test-method> <!-- MultipleUserLoginTest -->
        <test-method is-config="true" signature="tearDown()[pri:0, instance:testcase.Loginpage_Test@451001e5]" started-at="2023-02-23T09:05:40 IST" name="tearDown" finished-at="2023-02-23T09:05:46 IST" duration-ms="5529" status="PASS">
          <reporter-output>
          </reporter-output>
        </test-method> <!-- tearDown -->
        <test-method is-config="true" signature="setUp()[pri:0, instance:testcase.Loginpage_Test@451001e5]" started-at="2023-02-23T09:05:46 IST" name="setUp" finished-at="2023-02-23T09:05:49 IST" duration-ms="3723" status="PASS">
          <reporter-output>
          </reporter-output>
        </test-method> <!-- setUp -->
        <test-method signature="MultipleUserLoginTest(java.lang.String,java.lang.String)[pri:4, instance:testcase.Loginpage_Test@451001e5]" started-at="2023-02-23T09:05:49 IST" name="MultipleUserLoginTest" data-provider="getLoginTestData" finished-at="2023-02-23T09:05:50 IST" duration-ms="946" status="PASS">
          <params>
            <param index="0">
              <value>
                <![CDATA[sgole0242@gmail.com]]>
              </value>
            </param>
            <param index="1">
              <value>
                <![CDATA[PASSword@1234]]>
              </value>
            </param>
          </params>
          <reporter-output>
          </reporter-output>
        </test-method> <!-- MultipleUserLoginTest -->
        <test-method is-config="true" signature="tearDown()[pri:0, instance:testcase.Loginpage_Test@451001e5]" started-at="2023-02-23T09:05:50 IST" name="tearDown" finished-at="2023-02-23T09:05:56 IST" duration-ms="5552" status="PASS">
          <reporter-output>
          </reporter-output>
        </test-method> <!-- tearDown -->
        <test-method is-config="true" signature="setUp()[pri:0, instance:testcase.Loginpage_Test@451001e5]" started-at="2023-02-23T09:05:56 IST" name="setUp" finished-at="2023-02-23T09:05:59 IST" duration-ms="3653" status="PASS">
          <reporter-output>
          </reporter-output>
        </test-method> <!-- setUp -->
        <test-method signature="MultipleUserLoginTest(java.lang.String,java.lang.String)[pri:4, instance:testcase.Loginpage_Test@451001e5]" started-at="2023-02-23T09:05:59 IST" name="MultipleUserLoginTest" data-provider="getLoginTestData" finished-at="2023-02-23T09:06:00 IST" duration-ms="1002" status="PASS">
          <params>
            <param index="0">
              <value>
                <![CDATA[dgole@gmail.com]]>
              </value>
            </param>
            <param index="1">
              <value>
                <![CDATA[1234#PASSword]]>
              </value>
            </param>
          </params>
          <reporter-output>
          </reporter-output>
        </test-method> <!-- MultipleUserLoginTest -->
        <test-method is-config="true" signature="tearDown()[pri:0, instance:testcase.Loginpage_Test@451001e5]" started-at="2023-02-23T09:06:00 IST" name="tearDown" finished-at="2023-02-23T09:06:06 IST" duration-ms="5747" status="PASS">
          <reporter-output>
          </reporter-output>
        </test-method> <!-- tearDown -->
      </class> <!-- testcase.Loginpage_Test -->
    </test> <!-- Default test -->
  </suite> <!-- Default suite -->
</testng-results>
